
ROM used:   230/32768 (1%)
            234/32768 (1%) including unused fragments

            0.2 Average locations per line
            12.8 Average locations per statement

RAM used:   4/2048 (0%) at main() level
            7/2048 (0%) worst case

Stack used: 1 worst case (1 in main + 0 for interrupts)
Stack size: 31

Lines Stmts  %   Files
----- ----- ---  -----
   64    18 100  HC05.c
  944     0   0  ..\..\..\..\..\Program Files (x86)\PICC\devices\18F45K50.h
----- -----
 1008    18 Total

Page ROM  %  RAM   Vol Diff  Functions:
---- --- --- ---   --- ----  ----------
0    162  35    0   410  4.5  main
0     14   3    0   808  7.6  @const653
0     34   7    2   165  3.3  @PSTRINGC_9600_31766_31767
0     16   3    0   319  4.1  @const655
 Inline         0   275  3.9  @cinit1

Program metrics:
    Functions               5
    Statements              18
    Comments                193
    Volume (V)              2762
    Difficulty (D)          23.4
    Effort to implement (E) 64665
    Time to implement (T)   1 hours, 0 minutes
    Est Delivered Bugs (B)  1
    Cyclomatic Complexity   14
    Maintainability (MI)    107

 Segment     Used  Free
-----------  ----  ----
00000-01FFE     0  8192  
02000-02006     4  4  
02008-07FFE   226  24342  



